<?xml version="1.0" encoding="UTF-8"?>
<!-- Generated by org.testng.reporters.JUnitReportReporter -->
<testsuite hostname="DESKTOP-8QCJ8D8" failures="0" tests="1" name="webtests.IslamicTest" time="31.381" errors="0" timestamp="2022-12-22T09:57:39 BDT" skipped="0">
  <testcase classname="webtests.IslamicTest" name="webTest" time="31.381"/>
  <system-out/>
</testsuite> <!-- webtests.IslamicTest -->
